<?xml version="1.0" encoding="UTF-8"?>
<!-- Generated by org.testng.reporters.JUnitXMLReporter -->
<testsuite ignored="2" hostname="LAPTOP-11QV4DI1" failures="0" tests="1" name="Default test" time="3.578" errors="0" timestamp="2025-12-18T18:04:18 IST">
  <testcase classname="testcases.ExtentReportTestNG" name="TestOrangeHrm" time="1.998"/>
  <testcase classname="testcases.ExtentReportTestNG" name="TestGoogle" time="0.0">
    <ignored/>
  </testcase> <!-- TestGoogle -->
  <testcase classname="testcases.ExtentReportTestNG" name="TestFacebook" time="0.0">
    <ignored/>
  </testcase> <!-- TestFacebook -->
</testsuite> <!-- Default test -->
