<?xml version="1.0" encoding="UTF-8"?>
<!-- Generated by org.testng.reporters.JUnitXMLReporter -->
<testsuite ignored="2" hostname="LAPTOP-11QV4DI1" failures="0" tests="1" name="TestGoogle" time="3.776" errors="0" timestamp="2025-12-18T17:35:38 IST">
  <testcase classname="testcases.ExtentReportTestNG" name="TestGoogle" time="2.232"/>
  <testcase classname="testcases.ExtentReportTestNG" name="TestFacebook" time="0.0">
    <ignored/>
  </testcase> <!-- TestFacebook -->
  <testcase classname="testcases.ExtentReportTestNG" name="TestOrangeHrm" time="0.0">
    <ignored/>
  </testcase> <!-- TestOrangeHrm -->
</testsuite> <!-- TestGoogle -->
