<?xml version="1.0" encoding="UTF-8"?>
<!-- Generated by org.testng.reporters.JUnitXMLReporter -->
<testsuite ignored="2" hostname="LAPTOP-11QV4DI1" failures="1" tests="1" name="TestFacebook" time="5.564" errors="0" timestamp="2025-12-16T22:53:08 IST">
  <testcase classname="testcases.ExtentReportTestNG" name="TestFacebook" time="1.427">
    <failure type="java.lang.AssertionError" message="Title mismatched expected [Log in to Facebook] but found [Facebook – log in or sign up]">
      <![CDATA[java.lang.AssertionError: Title mismatched expected [Log in to Facebook] but found [Facebook – log in or sign up]
at testcases.ExtentReportTestNG.TestFacebook(ExtentReportTestNG.java:64)
at java.base/java.util.ArrayList.forEach(ArrayList.java:1596)
... Removed 30 stack frames]]>
    </failure>
  </testcase> <!-- TestFacebook -->
  <testcase classname="testcases.ExtentReportTestNG" name="TestGoogle" time="0.0">
    <ignored/>
  </testcase> <!-- TestGoogle -->
  <testcase classname="testcases.ExtentReportTestNG" name="TestOrangeHrm" time="0.0">
    <ignored/>
  </testcase> <!-- TestOrangeHrm -->
</testsuite> <!-- TestFacebook -->
