<?xml version="1.0" encoding="UTF-8"?>
<testng-results ignored="0" total="1" passed="1" failed="0" skipped="0">
  <reporter-output>
  </reporter-output>
  <suite started-at="2025-12-18T18:04:15 IST" name="Default suite" finished-at="2025-12-18T18:04:18 IST" duration-ms="3578">
    <groups>
      <group name="regression">
        <method signature="ExtentReportTestNG.TestOrangeHrm()[pri:0, instance:testcases.ExtentReportTestNG@45752059]" name="TestOrangeHrm" class="testcases.ExtentReportTestNG"/>
      </group> <!-- regression -->
    </groups>
    <test started-at="2025-12-18T18:04:15 IST" name="Default test" finished-at="2025-12-18T18:04:18 IST" duration-ms="3578">
      <class name="testcases.ExtentReportTestNG">
        <test-method is-config="true" signature="initialiseExtentReports()[pri:0, instance:testcases.ExtentReportTestNG@45752059]" started-at="2025-12-18T18:04:15 IST" name="initialiseExtentReports" finished-at="2025-12-18T18:04:15 IST" duration-ms="181" status="PASS">
          <reporter-output>
          </reporter-output>
        </test-method> <!-- initialiseExtentReports -->
        <test-method is-config="true" signature="launchApp(org.testng.ITestContext,java.lang.String,java.lang.String)[pri:0, instance:testcases.ExtentReportTestNG@45752059]" started-at="2025-12-18T18:04:15 IST" name="launchApp" finished-at="2025-12-18T18:04:16 IST" duration-ms="1332" status="PASS">
          <params>
            <param index="0">
              <value>
                <![CDATA[org.testng.TestRunner@42b84286]]>
              </value>
            </param>
            <param index="1">
              <value>
                <![CDATA[chrome]]>
              </value>
            </param>
            <param index="2">
              <value>
                <![CDATA[Automation]]>
              </value>
            </param>
          </params>
          <reporter-output>
          </reporter-output>
        </test-method> <!-- launchApp -->
        <test-method signature="TestOrangeHrm()[pri:0, instance:testcases.ExtentReportTestNG@45752059]" started-at="2025-12-18T18:04:16 IST" name="TestOrangeHrm" finished-at="2025-12-18T18:04:18 IST" duration-ms="1998" status="PASS">
          <reporter-output>
          </reporter-output>
        </test-method> <!-- TestOrangeHrm -->
        <test-method is-config="true" signature="checkStatus(java.lang.reflect.Method,org.testng.ITestResult)[pri:0, instance:testcases.ExtentReportTestNG@45752059]" started-at="2025-12-18T18:04:18 IST" name="checkStatus" finished-at="2025-12-18T18:04:18 IST" duration-ms="9" status="PASS">
          <params>
            <param index="0">
              <value>
                <![CDATA[public void testcases.ExtentReportTestNG.TestOrangeHrm() throws java.lang.Exception]]>
              </value>
            </param>
            <param index="1">
              <value>
                <![CDATA[[TestResult name=TestOrangeHrm status=SUCCESS method=ExtentReportTestNG.TestOrangeHrm()[pri:0, instance:testcases.ExtentReportTestNG@45752059] output={null}]]]>
              </value>
            </param>
          </params>
          <reporter-output>
          </reporter-output>
        </test-method> <!-- checkStatus -->
        <test-method is-config="true" signature="closeApp()[pri:0, instance:testcases.ExtentReportTestNG@45752059]" started-at="2025-12-18T18:04:18 IST" name="closeApp" finished-at="2025-12-18T18:04:18 IST" duration-ms="153" status="PASS">
          <reporter-output>
          </reporter-output>
        </test-method> <!-- closeApp -->
        <test-method is-config="true" signature="generateExtentReports()[pri:0, instance:testcases.ExtentReportTestNG@45752059]" started-at="2025-12-18T18:04:18 IST" name="generateExtentReports" finished-at="2025-12-18T18:04:20 IST" duration-ms="1777" status="PASS">
          <reporter-output>
          </reporter-output>
        </test-method> <!-- generateExtentReports -->
      </class> <!-- testcases.ExtentReportTestNG -->
    </test> <!-- Default test -->
  </suite> <!-- Default suite -->
</testng-results>
